"t"	"Tin"	"Tfmaxs"    "Tfmaxk"	"Engine"    "Vehicle"	"Shaft"
0.000000000000000e+00	2.000000000000000e+00	0.000000000000000e+00	0.000000000000000e+00	0.000000000000000e+00	0.000000000000000e+00	0.000000000000000e+00
5.684341886080803e-18	2.000000000000000e+00	0.000000000000000e+00	0.000000000000000e+00	1.136868377216161e-17	0.000000000000000e+00	0.000000000000000e+00
4.000000000000058e-04	2.000000000000000e+00	3.199999999999648e-04	2.133333333333099e-04	7.996374300444560e-04	8.533105777776840e-09	0.000000000000000e+00
2.400000000000006e-03	2.000000000000000e+00	1.919999999999966e-03	1.279999999999977e-03	4.786964876645363e-03	3.071508510491303e-07	0.000000000000000e+00
8.882122220382541e-03	2.000000000000000e+00	7.105697776306030e-03	4.737131850870687e-03	1.758647788833612e-02	4.205087715247833e-06	0.000000000000000e+00
1.539248354271057e-02	2.000000000000000e+00	1.231398683416849e-02	8.209324556112327e-03	3.025340043447667e-02	1.262323182891760e-05	0.000000000000000e+00
2.193116443329010e-02	2.000000000000000e+00	1.754493154663210e-02	1.169662103108807e-02	4.278788709260829e-02	2.561458675626680e-05	0.000000000000000e+00
2.849841207851975e-02	2.000000000000000e+00	2.279872966281582e-02	1.519915310854388e-02	5.519041686493605e-02	4.323299445364641e-05	0.000000000000000e+00
3.509447692262629e-02	2.000000000000000e+00	2.807558153810099e-02	1.871705435873399e-02	6.746146790028666e-02	6.553310862026202e-05	0.000000000000000e+00
4.171961271557391e-02	2.000000000000000e+00	3.337569017245912e-02	2.225046011497274e-02	7.960151746071917e-02	9.257041021067569e-05	0.000000000000000e+00
4.837407657146172e-02	2.000000000000000e+00	3.869926125716941e-02	2.579950750477961e-02	9.161104190588509e-02	1.244012233190474e-04	0.000000000000000e+00
5.505812902819807e-02	2.000000000000000e+00	4.404650322255846e-02	2.936433548170564e-02	1.034905166770118e-01	1.610827314363587e-04	0.000000000000000e+00
6.184925910081911e-02	2.000000000000000e+00	4.947940728065525e-02	3.298627152043683e-02	1.153745113189689e-01	2.031790147322755e-04	0.000000000000000e+00
6.892293480836789e-02	2.000000000000000e+00	5.513834784669430e-02	3.675889856446286e-02	1.275565369557543e-01	2.521929914974780e-04	0.000000000000000e+00
7.627188465418271e-02	2.000000000000000e+00	6.101750772334612e-02	4.067833848223075e-02	1.400033538215076e-01	3.086897336303471e-04	0.000000000000000e+00
8.388974070894543e-02	2.000000000000000e+00	6.711179256715631e-02	4.474119504477087e-02	1.526837782453470e-01	3.732423914592953e-04	0.000000000000000e+00
9.177091672140754e-02	2.000000000000000e+00	7.341673337712606e-02	4.894448891808404e-02	1.655684440041496e-01	4.464325821359504e-04	0.000000000000000e+00
9.991050213025178e-02	2.000000000000000e+00	7.992840170420140e-02	5.328560113613427e-02	1.786295965921289e-01	5.288507366193857e-04	0.000000000000000e+00
1.083041762608353e-01	2.000000000000000e+00	8.664334100866827e-02	5.776222733911218e-02	1.918409266236430e-01	6.210964657122704e-04	0.000000000000000e+00
1.169481381065206e-01	2.000000000000000e+00	9.355851048521649e-02	6.237234032347766e-02	2.051774332972243e-01	7.237789441116312e-04	0.000000000000000e+00
1.258390483129133e-01	2.000000000000000e+00	1.006712386503307e-01	6.711415910022046e-02	2.186153112585827e-01	8.375173119483234e-04	0.000000000000000e+00
1.349739808401960e-01	2.000000000000000e+00	1.079791846721568e-01	7.198612311477118e-02	2.321318558934438e-01	9.629410936727446e-04	0.000000000000000e+00
1.443503823901124e-01	2.000000000000000e+00	1.154803059120900e-01	7.698687060805998e-02	2.457053832889148e-01	1.100690634417313e-03	0.000000000000000e+00
1.539660381293990e-01	2.000000000000000e+00	1.231728305035192e-01	8.211522033567947e-02	2.593151619807260e-01	1.251417554188250e-03	0.000000000000000e+00
1.638190425690205e-01	2.000000000000000e+00	1.310552340552164e-01	8.737015603681092e-02	2.729413542500395e-01	1.415785220406026e-03	0.000000000000000e+00
1.739077747040292e-01	2.000000000000000e+00	1.391262197632233e-01	9.275081317548223e-02	2.865649652171816e-01	1.594469239459896e-03	0.000000000000000e+00
1.842308767039970e-01	2.000000000000000e+00	1.473847013631976e-01	9.825646757546511e-02	3.001677983444737e-01	1.788157968056544e-03	0.000000000000000e+00
1.947872355863668e-01	2.000000000000000e+00	1.558297884690935e-01	1.038865256460623e-01	3.137324162402909e-01	1.997553045255601e-03	0.000000000000000e+00
2.055759674146826e-01	2.000000000000000e+00	1.644607739317461e-01	1.096405159544974e-01	3.272421058720322e-01	2.223369946178454e-03	0.000000000000000e+00
2.165964036495493e-01	2.000000000000000e+00	1.732771229196395e-01	1.155180819464263e-01	3.406808474642290e-01	2.466338558469462e-03	0.000000000000000e+00
2.278480793478859e-01	2.000000000000000e+00	1.822784634783087e-01	1.215189756522058e-01	3.540332864906829e-01	2.727203782678776e-03	0.000000000000000e+00
2.393307229598542e-01	2.000000000000000e+00	1.914645783678834e-01	1.276430522452556e-01	3.672847082747594e-01	3.006726157824575e-03	0.000000000000000e+00
2.510442475159628e-01	2.000000000000000e+00	2.008353980127703e-01	1.338902653418469e-01	3.804210147961216e-01	3.305682513481563e-03	0.000000000000000e+00
2.629887430316192e-01	2.000000000000000e+00	2.103909944252953e-01	1.402606629501968e-01	3.934287033699115e-01	3.624866649831917e-03	0.000000000000000e+00
2.751644699849375e-01	2.000000000000000e+00	2.201315759879501e-01	1.467543839919667e-01	4.062948469195853e-01	3.965090047214170e-03	0.000000000000000e+00
2.875718537467633e-01	2.000000000000000e+00	2.300574829974106e-01	1.533716553316071e-01	4.190070756093709e-01	4.327182606803101e-03	0.000000000000000e+00
3.002114798608039e-01	2.000000000000000e+00	2.401691838886431e-01	1.601127892590954e-01	4.315535596389058e-01	4.711993424151088e-03	0.000000000000000e+00
3.130840900881163e-01	2.000000000000000e+00	2.504672720704930e-01	1.669781813803286e-01	4.439229930334792e-01	5.120391597443994e-03	0.000000000000000e+00
3.261905791431171e-01	2.000000000000000e+00	2.609524633144937e-01	1.739683088763291e-01	4.561045782880905e-01	5.553267072431509e-03	0.000000000000000e+00
3.395319920595469e-01	2.000000000000000e+00	2.716255936476376e-01	1.810837290984251e-01	4.680880117446448e-01	6.011531526118206e-03	0.000000000000000e+00
3.531095221343211e-01	2.000000000000000e+00	2.824876177074569e-01	1.883250784716379e-01	4.798634695992147e-01	6.496119291435675e-03	0.000000000000000e+00
3.669245094052673e-01	2.000000000000000e+00	2.935396075242139e-01	1.956930716828092e-01	4.914215944510656e-01	7.007988325258839e-03	0.000000000000000e+00
3.809784396254342e-01	2.000000000000000e+00	3.047827517003474e-01	2.031885011335649e-01	5.027534823174016e-01	7.548121222273442e-03	0.000000000000000e+00
3.952729437029359e-01	2.000000000000000e+00	3.162183549623487e-01	2.108122366415658e-01	5.138506700486022e-01	8.117526277375784e-03	0.000000000000000e+00
4.098097975800949e-01	2.000000000000000e+00	3.278478380640760e-01	2.185652253760506e-01	5.247051230873376e-01	8.717238599446496e-03	0.000000000000000e+00
4.245909225304362e-01	2.000000000000000e+00	3.396727380243489e-01	2.264484920162326e-01	5.353092235227724e-01	9.348321279536548e-03	0.000000000000000e+00
4.396183858559090e-01	2.000000000000000e+00	3.516947086847272e-01	2.344631391231514e-01	5.456557583974150e-01	1.001186661669818e-02	0.000000000000000e+00
4.548944019702832e-01	2.000000000000000e+00	3.639155215762266e-01	2.426103477174844e-01	5.557379082297258e-01	1.070899740490954e-02	0.000000000000000e+00
4.704213338578321e-01	2.000000000000000e+00	3.763370670862656e-01	2.508913780575104e-01	5.655492357203276e-01	1.144086828477272e-02	0.000000000000000e+00
4.862016948993886e-01	2.000000000000000e+00	3.889613559195109e-01	2.593075706130072e-01	5.750836746137717e-01	1.220866716391911e-02	0.000000000000000e+00
5.022381510602220e-01	2.000000000000000e+00	4.017905208481776e-01	2.678603472321184e-01	5.843355186911087e-01	1.301361671031144e-02	0.000000000000000e+00
5.185335234368238e-01	2.000000000000000e+00	4.148268187494590e-01	2.765512124996393e-01	5.932994108716328e-01	1.385697592293073e-02	0.000000000000000e+00
5.350907911618947e-01	2.000000000000000e+00	4.280726329295158e-01	2.853817552863439e-01	6.019703324046622e-01	1.474004178464507e-02	0.000000000000000e+00
5.519130946688304e-01	2.000000000000000e+00	4.415304757350644e-01	2.943536504900429e-01	6.103435921343088e-01	1.566415100238634e-02	0.000000000000000e+00
5.690037393191186e-01	2.000000000000000e+00	4.552029914552949e-01	3.034686609701966e-01	6.184148158220921e-01	1.663068184012654e-02	0.000000000000000e+00
5.863661993980283e-01	2.000000000000000e+00	4.690929595184226e-01	3.127286396789484e-01	6.261799355138034e-01	1.764105605053677e-02	0.000000000000000e+00
6.040041224857431e-01	2.000000000000000e+00	4.832032979885945e-01	3.221355319923963e-01	6.336351789382677e-01	1.869674091162613e-02	0.000000000000000e+00
6.219213342130449e-01	2.000000000000000e+00	4.975370673704359e-01	3.316913782469573e-01	6.407770589267835e-01	1.979925137511663e-02	0.000000000000000e+00
6.401218434125547e-01	2.000000000000000e+00	5.120974747300439e-01	3.413983164866959e-01	6.476023628429126e-01	2.095015233380564e-02	0.000000000000000e+00
6.586098476781723e-01	2.000000000000000e+00	5.268878781425379e-01	3.512585854283586e-01	6.541081420129147e-01	2.215106101568428e-02	0.000000000000000e+00
6.773897393474388e-01	2.000000000000000e+00	5.419117914779511e-01	3.612745276519674e-01	6.602917011477584e-01	2.340364951316686e-02	0.000000000000000e+00
6.964661119235027e-01	2.000000000000000e+00	5.571728895388022e-01	3.714485930258681e-01	6.661505877480490e-01	2.470964745641191e-02	0.000000000000000e+00
7.158437669550377e-01	2.000000000000000e+00	5.726750135640302e-01	3.817833423760201e-01	6.716825814833817e-01	2.607084484036849e-02	0.000000000000000e+00
7.355277213948066e-01	2.000000000000000e+00	5.884221771158453e-01	3.922814514105635e-01	6.768856835378955e-01	2.748909501593087e-02	0.000000000000000e+00
7.555232154595211e-01	2.000000000000000e+00	6.044185723676169e-01	4.029457149117446e-01	6.817581059137837e-01	2.896631785636448e-02	0.000000000000000e+00
7.758357210159724e-01	2.000000000000000e+00	6.206685768127780e-01	4.137790512085187e-01	6.862982606844765e-01	3.050450311103091e-02	0.000000000000000e+00
7.964709505205222e-01	2.000000000000000e+00	6.371767604164178e-01	4.247845069442785e-01	6.905047491889912e-01	3.210571395935385e-02	0.000000000000000e+00
8.174348665417457e-01	2.000000000000000e+00	6.539478932333966e-01	4.359652621555977e-01	6.943763511587464e-01	3.377209077899509e-02	0.000000000000000e+00
8.387336918984892e-01	2.000000000000000e+00	6.709869535187915e-01	4.473246356791943e-01	6.979120137677375e-01	3.550585514329588e-02	0.000000000000000e+00
8.603739204482913e-01	2.000000000000000e+00	6.882991363586330e-01	4.588660909057554e-01	7.011108405965100e-01	3.730931406422414e-02	0.000000000000000e+00
8.823623285640466e-01	2.000000000000000e+00	7.058898628512373e-01	4.705932419008249e-01	7.039720804998391e-01	3.918486449835903e-02	0.000000000000000e+00
9.047059873400928e-01	2.000000000000000e+00	7.237647898720743e-01	4.825098599147162e-01	7.064951163674136e-01	4.113499813486546e-02	0.000000000000000e+00
9.274122755719519e-01	2.000000000000000e+00	7.419298204575616e-01	4.946198803050411e-01	7.086794537660578e-01	4.316230648591574e-02	0.000000000000000e+00
9.504888935576138e-01	2.000000000000000e+00	7.603911148460911e-01	5.069274098973940e-01	7.105247094512335e-01	4.526948630168476e-02	0.000000000000000e+00
9.739438777719418e-01	2.000000000000000e+00	7.791551022175534e-01	5.194367348117023e-01	7.120305997346517e-01	4.745934533384218e-02	0.000000000000000e+00
9.977856164698442e-01	2.000000000000000e+00	7.982284931758754e-01	5.321523287839169e-01	7.131969286938306e-01	4.973480847342986e-02	0.000000000000000e+00
1.022022866278257e+00	2.000000000000000e+00	8.176182930226059e-01	5.450788620150706e-01	7.140235762083428e-01	5.209892429115706e-02	0.000000000000000e+00
1.046664769841171e+00	2.000000000000000e+00	8.373318158729366e-01	5.582212105819577e-01	7.145104858062843e-01	5.455487201042730e-02	0.000000000000000e+00
1.071720874587389e+00	2.000000000000000e+00	8.573766996699115e-01	5.715844664466077e-01	7.146576523032343e-01	5.710596894598818e-02	0.000000000000000e+00
1.097201152695356e+00	2.000000000000000e+00	8.777609221562847e-01	5.851739481041898e-01	7.144651092145538e-01	5.975567844378246e-02	0.000000000000000e+00
1.123118350081420e+00	2.000000000000000e+00	8.984946800651363e-01	5.989964533767576e-01	7.139328534070447e-01	6.250786812218755e-02	0.000000000000000e+00
1.149485289554815e+00	2.000000000000000e+00	9.195882316438517e-01	6.130588210959012e-01	7.130607951697361e-01	6.536654712602748e-02	0.000000000000000e+00
1.176313584758849e+00	2.000000000000000e+00	9.410508678070790e-01	6.273672452047193e-01	7.118488450904361e-01	6.833572552227839e-02	0.000000000000000e+00
1.203615384755408e+00	2.000000000000000e+00	9.628923078043263e-01	6.419282052028842e-01	7.102968984937251e-01	7.141960181316850e-02	0.000000000000000e+00
1.231403404655860e+00	2.000000000000000e+00	9.851227237246877e-01	6.567484824831251e-01	7.084048208872371e-01	7.462257470505586e-02	0.000000000000000e+00
1.259690956635416e+00	2.000000000000000e+00	1.007752765308332e+00	6.718351768722216e-01	7.061724329949430e-01	7.794925555762103e-02	0.000000000000000e+00
1.288491983053666e+00	2.000000000000000e+00	1.030793586442933e+00	6.871957242952884e-01	7.035994953176962e-01	8.140448174950725e-02	0.000000000000000e+00
1.317821091837801e+00	2.000000000000000e+00	1.054256873470241e+00	7.028379156468271e-01	7.006856921803315e-01	8.499333103714163e-02	0.000000000000000e+00
1.347693594294084e+00	2.000000000000000e+00	1.078154875435267e+00	7.187699169568448e-01	6.974306152215424e-01	8.872113699005287e-02	0.000000000000000e+00
1.378125545525722e+00	2.000000000000000e+00	1.102500436420578e+00	7.350002909470519e-01	6.938337462793921e-01	9.259350559350593e-02	0.000000000000000e+00
1.409133787647639e+00	2.000000000000000e+00	1.127307030118111e+00	7.515380200787409e-01	6.898944396218540e-01	9.661633311732735e-02	0.000000000000000e+00
1.440735996000369e+00	2.000000000000000e+00	1.152588796800296e+00	7.683925312001971e-01	6.856119034683577e-01	1.007958253583662e-01	0.000000000000000e+00
1.472950728579573e+00	2.000000000000000e+00	1.178360582863658e+00	7.855737219091055e-01	6.809851807445758e-01	1.051385183735784e-01	0.000000000000000e+00
1.505797478909429e+00	2.000000000000000e+00	1.204637983127543e+00	8.030919887516956e-01	6.760131290092301e-01	1.096513008306393e-01	0.000000000000000e+00
1.539296732600846e+00	2.000000000000000e+00	1.231437386080676e+00	8.209582573871176e-01	6.706943994882056e-01	1.143414381137292e-01	0.000000000000000e+00
1.573470027846215e+00	2.000000000000000e+00	1.258776022276972e+00	8.391840148513149e-01	6.650274151481536e-01	1.192165983333782e-01	0.000000000000000e+00
1.608340020112954e+00	2.000000000000000e+00	1.286672016090363e+00	8.577813440602420e-01	6.590103477388730e-01	1.242848804012000e-01	0.000000000000000e+00
1.643930551303622e+00	2.000000000000000e+00	1.315144441042898e+00	8.767629606952650e-01	6.526410937319308e-01	1.295548443423578e-01	0.000000000000000e+00
1.680266723655553e+00	2.000000000000000e+00	1.344213378924442e+00	8.961422526162949e-01	6.459172490816022e-01	1.350355440312492e-01	0.000000000000000e+00
1.717374978648798e+00	2.000000000000000e+00	1.373899982919039e+00	9.159333219460257e-01	6.388360827349091e-01	1.407365625478532e-01	0.000000000000000e+00
1.755283181183093e+00	2.000000000000000e+00	1.404226544946474e+00	9.361510299643162e-01	6.313945088196304e-01	1.466680503640313e-01	0.000000000000000e+00
1.794020709262506e+00	2.000000000000000e+00	1.435216567410005e+00	9.568110449400030e-01	6.235890574446532e-01	1.528407665791315e-01	0.000000000000000e+00
1.833618549395046e+00	2.000000000000000e+00	1.466894839516037e+00	9.779298930106914e-01	6.154158440553793e-01	1.592661234328472e-01	0.000000000000000e+00
1.874109397858164e+00	2.000000000000000e+00	1.499287518286531e+00	9.995250121910209e-01	6.068705373014531e-01	1.659562343275282e-01	0.000000000000000e+00
1.915527767902659e+00	2.000000000000000e+00	1.532422214322127e+00	1.021614809548085e+00	5.979483253948006e-01	1.729239655917171e-01	0.000000000000000e+00
1.957910102856429e+00	2.000000000000000e+00	1.566328082285143e+00	1.044218721523429e+00	5.886438809654423e-01	1.801829922089484e-01	0.000000000000000e+00
1.979602498891865e+00	2.000000000000000e+00	1.583681999113492e+00	1.055787999408995e+00	5.838179313413565e-01	1.839485336427000e-01	0.000000000000000e+00
1.991296902374287e+00	2.000000000000000e+00	1.593037521899430e+00	1.062025014599620e+00	5.811992548105288e-01	1.859925674903637e-01	0.000000000000000e+00
1.997220099807349e+00	2.000000000000000e+00	1.597776079845879e+00	1.065184053230586e+00	5.798684737506170e-01	1.870316060844225e-01	0.000000000000000e+00
2.001885972094476e+00	2.000000000000000e+00	1.600000000000000e+00	1.066666666666667e+00	5.788189108554390e-01	1.878516948556472e-01	0.000000000000000e+00
2.006551844381603e+00	2.000000000000000e+00	1.600000000000000e+00	1.066666666666667e+00	5.777772027600818e-01	1.886714000167283e-01	0.000000000000000e+00
2.029881205817238e+00	2.000000000000000e+00	1.600000000000000e+00	1.066666666666667e+00	5.727119918307744e-01	1.927584715253876e-01	0.000000000000000e+00
2.055470559938114e+00	2.000000000000000e+00	1.600000000000000e+00	1.066666666666667e+00	5.674212399868590e-01	1.972195953402548e-01	0.000000000000000e+00
2.081425927259188e+00	2.000000000000000e+00	1.600000000000000e+00	1.066666666666667e+00	5.623243999584043e-01	2.017212646301460e-01	0.000000000000000e+00
2.107753102694411e+00	2.000000000000000e+00	1.600000000000000e+00	1.066666666666667e+00	5.574178813110362e-01	2.062636093209659e-01	0.000000000000000e+00
2.134466340467375e+00	2.000000000000000e+00	1.600000000000000e+00	1.066666666666667e+00	5.526965767712816e-01	2.108481818577676e-01	0.000000000000000e+00
2.161580642908682e+00	2.000000000000000e+00	1.600000000000000e+00	1.066666666666667e+00	5.481555040705383e-01	2.154766051456723e-01	0.000000000000000e+00
2.189111777788589e+00	2.000000000000000e+00	1.600000000000000e+00	1.066666666666667e+00	5.437898075324111e-01	2.201505710891026e-01	0.000000000000000e+00
2.217076331505993e+00	2.000000000000000e+00	1.600000000000000e+00	1.066666666666667e+00	5.395947534214983e-01	2.248718449504702e-01	0.000000000000000e+00
2.245491767207249e+00	2.000000000000000e+00	1.600000000000000e+00	1.066666666666667e+00	5.355657253863375e-01	2.296422701028415e-01	0.000000000000000e+00
2.274376488236250e+00	2.000000000000000e+00	1.600000000000000e+00	1.066666666666667e+00	5.316982200180727e-01	2.344637731933960e-01	0.000000000000000e+00
2.303749907512380e+00	2.000000000000000e+00	1.600000000000000e+00	1.066666666666667e+00	5.279878425223334e-01	2.393383697611551e-01	0.000000000000000e+00
2.333632523512056e+00	2.000000000000000e+00	1.600000000000000e+00	1.066666666666667e+00	5.244303025019427e-01	2.442681703579309e-01	0.000000000000000e+00
2.364046003621491e+00	2.000000000000000e+00	1.600000000000000e+00	1.066666666666667e+00	5.210214098481256e-01	2.492553872278148e-01	0.000000000000000e+00
2.395013275734409e+00	2.000000000000000e+00	1.600000000000000e+00	1.066666666666667e+00	5.177570707379973e-01	2.543023416078212e-01	0.000000000000000e+00
2.426558629090791e+00	2.000000000000000e+00	1.600000000000000e+00	1.066666666666667e+00	5.146332837362920e-01	2.594114717205649e-01	0.000000000000000e+00
2.458707825496905e+00	2.000000000000000e+00	1.600000000000000e+00	1.066666666666667e+00	5.116461359993031e-01	2.645853415397122e-01	0.000000000000000e+00
2.491488222233023e+00	2.000000000000000e+00	1.600000000000000e+00	1.066666666666667e+00	5.087917995792186e-01	2.698266504200250e-01	0.000000000000000e+00
2.524928908152642e+00	2.000000000000000e+00	1.600000000000000e+00	1.066666666666667e+00	5.060665278270037e-01	2.751382436971659e-01	0.000000000000000e+00
2.559060854705486e+00	2.000000000000000e+00	1.600000000000000e+00	1.066666666666667e+00	5.034666518922462e-01	2.805231243774564e-01	0.000000000000000e+00
2.593917083889496e+00	2.000000000000000e+00	1.600000000000000e+00	1.066666666666667e+00	5.009885773183432e-01	2.859844660559460e-01	0.000000000000000e+00
2.629532855458039e+00	2.000000000000000e+00	1.600000000000000e+00	1.066666666666667e+00	4.986287807315408e-01	2.915256272222062e-01	0.000000000000000e+00
2.665945876088658e+00	2.000000000000000e+00	1.600000000000000e+00	1.066666666666667e+00	4.963838066225210e-01	2.971501671379194e-01	0.000000000000000e+00
2.703196533676759e+00	2.000000000000000e+00	1.600000000000000e+00	1.066666666666667e+00	4.942502642191673e-01	3.028618635001490e-01	0.000000000000000e+00
2.741328160459280e+00	2.000000000000000e+00	1.600000000000000e+00	1.066666666666667e+00	4.922248244493980e-01	3.086647321387906e-01	0.000000000000000e+00
2.780387329329419e+00	2.000000000000000e+00	1.600000000000000e+00	1.066666666666667e+00	4.903042169929263e-01	3.145630490387782e-01	0.000000000000000e+00
2.820424188491384e+00	2.000000000000000e+00	1.600000000000000e+00	1.066666666666667e+00	4.884852274209860e-01	3.205613750274504e-01	0.000000000000000e+00
2.861492840562122e+00	2.000000000000000e+00	1.600000000000000e+00	1.066666666666667e+00	4.867646944231095e-01	3.266645835278540e-01	0.000000000000000e+00
2.903651773392610e+00	2.000000000000000e+00	1.600000000000000e+00	1.066666666666667e+00	4.851395071201735e-01	3.328778918515307e-01	0.000000000000000e+00
2.946964351309371e+00	2.000000000000000e+00	1.600000000000000e+00	1.066666666666667e+00	4.836066024630232e-01	3.392068965928729e-01	0.000000000000000e+00
2.991499377235022e+00	2.000000000000000e+00	1.600000000000000e+00	1.066666666666667e+00	4.821629627160886e-01	3.456576137952866e-01	0.000000000000000e+00
3.037331738322488e+00	2.000000000000000e+00	1.600000000000000e+00	1.066666666666667e+00	4.808056130255426e-01	3.522365246921108e-01	0.000000000000000e+00
3.084543150448838e+00	2.000000000000000e+00	1.600000000000000e+00	1.066666666666667e+00	4.795316190716465e-01	3.589506279894054e-01	0.000000000000000e+00
3.133223020310472e+00	2.000000000000000e+00	1.600000000000000e+00	1.066666666666667e+00	4.783380848050979e-01	3.658074998614270e-01	0.000000000000000e+00
3.183469448148225e+00	2.000000000000000e+00	1.600000000000000e+00	1.066666666666667e+00	4.772221502673103e-01	3.728153630848124e-01	0.000000000000000e+00
3.235390399575381e+00	2.000000000000000e+00	1.600000000000000e+00	1.066666666666667e+00	4.761809894947461e-01	3.799831670585951e-01	0.000000000000000e+00
3.289105081952752e+00	2.000000000000000e+00	1.600000000000000e+00	1.066666666666667e+00	4.752118085076102e-01	3.873206808647930e-01	0.000000000000000e+00
3.344745569752440e+00	2.000000000000000e+00	1.600000000000000e+00	1.066666666666667e+00	4.743118433834078e-01	3.948386020457219e-01	0.000000000000000e+00
3.402458735062213e+00	2.000000000000000e+00	1.600000000000000e+00	1.066666666666667e+00	4.734783584161419e-01	4.025486844464413e-01	0.000000000000000e+00
3.462408554768134e+00	2.000000000000000e+00	1.600000000000000e+00	1.066666666666667e+00	4.727086443622127e-01	4.104638893458047e-01	0.000000000000000e+00
3.524778886367240e+00	2.000000000000000e+00	1.600000000000000e+00	1.066666666666667e+00	4.720000167744379e-01	4.185985652495428e-01	0.000000000000000e+00
3.589776831742101e+00	2.000000000000000e+00	1.600000000000000e+00	1.066666666666667e+00	4.713498144260184e-01	4.269686632463687e-01	0.000000000000000e+00
3.657636845373361e+00	2.000000000000000e+00	1.600000000000000e+00	1.066666666666667e+00	4.707553978268135e-01	4.355919968797853e-01	0.000000000000000e+00
3.728625794502153e+00	2.000000000000000e+00	1.600000000000000e+00	1.066666666666667e+00	4.702141478349146e-01	4.444885582794647e-01	0.000000000000000e+00
3.803049249841233e+00	2.000000000000000e+00	1.600000000000000e+00	1.066666666666667e+00	4.697234643672890e-01	4.536809061449040e-01	0.000000000000000e+00
3.881259385942785e+00	2.000000000000000e+00	1.600000000000000e+00	1.066666666666667e+00	4.692807652142823e-01	4.631946465607283e-01	0.000000000000000e+00
3.929912472807553e+00	2.000000000000000e+00	1.600000000000000e+00	1.066666666666667e+00	4.690383257623045e-01	4.690383257623044e-01	0.000000000000000e+00
3.929912472807609e+00	2.000000000000000e+00	1.600000000000000e+00	1.066666666666667e+00	4.690383257623043e-01	4.690383257623111e-01	0.000000000000000e+00
3.929912472807665e+00	2.000000000000000e+00	1.600000000000000e+00	1.066666666666667e+00	4.690383257623043e-01	4.690383257623111e-01	4.690383257624234e-01
3.940213176416805e+00	2.000000000000000e+00	1.600000000000000e+00	1.066666666666667e+00	4.690383257623043e-01	4.690383257623111e-01	4.700535645876839e-01
3.950513880025945e+00	2.000000000000000e+00	1.600000000000000e+00	1.066666666666667e+00	4.690383257623043e-01	4.690383257623111e-01	4.710635880178873e-01
3.971115287244224e+00	2.000000000000000e+00	1.600000000000000e+00	1.066666666666667e+00	4.690383257623043e-01	4.690383257623111e-01	4.730680958039206e-01
4.012318101680783e+00	2.000000000000000e+00	1.600000000000000e+00	1.066666666666667e+00	4.690383257623043e-01	4.690383257623111e-01	4.770156975670035e-01
4.091402487200603e+00	2.000000000000000e+00	1.600000000000000e+00	1.066666666666667e+00	4.690383257623043e-01	4.690383257623111e-01	4.843685993149402e-01
4.171961586697652e+00	2.000000000000000e+00	1.600000000000000e+00	1.066666666666667e+00	4.690383257623043e-01	4.690383257623111e-01	4.915655849231469e-01
4.254012851601845e+00	2.000000000000000e+00	1.600000000000000e+00	1.066666666666667e+00	4.690383257623043e-01	4.690383257623111e-01	4.986038761406117e-01
4.337589894797403e+00	2.000000000000000e+00	1.600000000000000e+00	1.066666666666667e+00	4.690383257623043e-01	4.690383257623111e-01	5.054822733513993e-01
4.422728146025217e+00	2.000000000000000e+00	1.600000000000000e+00	1.066666666666667e+00	4.690383257623043e-01	4.690383257623111e-01	5.121997807791462e-01
4.509464944014545e+00	2.000000000000000e+00	1.600000000000000e+00	1.066666666666667e+00	4.690383257623043e-01	4.690383257623111e-01	5.187556001932117e-01
4.597839644808089e+00	2.000000000000000e+00	1.600000000000000e+00	1.066666666666667e+00	4.690383257623043e-01	4.690383257623111e-01	5.251491253957014e-01
4.687893739198509e+00	2.000000000000000e+00	1.600000000000000e+00	1.066666666666667e+00	4.690383257623043e-01	4.690383257623111e-01	5.313799367742794e-01
4.779670980104325e+00	2.000000000000000e+00	1.600000000000000e+00	1.066666666666667e+00	4.690383257623043e-01	4.690383257623111e-01	5.374477959192573e-01
4.873217520812524e+00	2.000000000000000e+00	1.600000000000000e+00	1.066666666666667e+00	4.690383257623043e-01	4.690383257623111e-01	5.433526403039878e-01
4.968582065127376e+00	2.000000000000000e+00	1.600000000000000e+00	1.066666666666667e+00	4.690383257623043e-01	4.690383257623111e-01	5.490945780280516e-01
4.992890556492815e+00	2.000000000000000e+00	1.600000000000000e+00	1.066666666666667e+00	4.690383257623043e-01	4.690383257623111e-01	5.505149290532831e-01
4.998967679334175e+00	2.000000000000000e+00	1.600000000000000e+00	1.066666666666667e+00	4.690383257623043e-01	4.690383257623111e-01	5.508673275791334e-01
5.005044802175535e+00	1.989910395648931e+00	1.595964158259572e+00	1.063976105506381e+00	4.690383257623043e-01	4.690383257623111e-01	5.512141322980869e-01
5.012641794790037e+00	1.974716410419926e+00	1.589886564167970e+00	1.059924376111980e+00	4.690383257623043e-01	4.690383257623111e-01	5.516294887243525e-01
5.050626757862547e+00	1.898746484274906e+00	1.559498593709962e+00	1.039665729139975e+00	4.690383257623043e-01	4.690383257623111e-01	5.533962043157024e-01
5.093174182422517e+00	1.813651635154967e+00	1.525460654061987e+00	1.016973769374658e+00	4.690383257623043e-01	4.690383257623111e-01	5.547704340009818e-01
5.136060503473842e+00	1.727878993052316e+00	1.491151597220926e+00	9.941010648139510e-01	4.690383257623043e-01	4.690383257623111e-01	5.555221656774936e-01
5.179274016412337e+00	1.641451967175326e+00	1.456580786870131e+00	9.710538579134205e-01	4.690383257623043e-01	4.690383257623111e-01	5.556500244241820e-01
5.222803278849398e+00	1.554393442301205e+00	1.421757376920482e+00	9.478382512803214e-01	4.690383257623043e-01	4.690383257623111e-01	5.551535289043475e-01
5.266649540334846e+00	1.466700919330307e+00	1.386680367732123e+00	9.244535784880821e-01	4.690383257623043e-01	4.690383257623111e-01	5.540326400264080e-01
5.310804284273383e+00	1.378391431453235e+00	1.351356572581294e+00	9.009043817208626e-01	4.690383257623043e-01	4.690383257623111e-01	5.522878965856117e-01
5.355255261868598e+00	1.289489476262805e+00	1.315795790505122e+00	8.771971936700812e-01	4.690383257623043e-01	4.690383257623111e-01	5.499207171434350e-01
5.399989769784218e+00	1.200020460431563e+00	1.280008184172625e+00	8.533387894484169e-01	4.690383257623043e-01	4.690383257623111e-01	5.469333874215362e-01
5.444994618973564e+00	1.110010762052871e+00	1.244004304821149e+00	8.293362032140991e-01	4.690383257623043e-01	4.690383257623111e-01	5.433290625290732e-01
5.490256101228243e+00	1.019487797543514e+00	1.207795119017406e+00	8.051967460116037e-01	4.690383257623043e-01	4.690383257623111e-01	5.391117701148034e-01
5.535759954220930e+00	9.284800915581393e-01	1.171392036623256e+00	7.809280244155038e-01	4.690383257623043e-01	4.690383257623111e-01	5.342864144840831e-01
5.581491324911331e+00	8.370173501773372e-01	1.134806940070935e+00	7.565379600472900e-01	4.690383257623043e-01	4.690383257623111e-01	5.288587817424576e-01
5.627434731171205e+00	7.451305376575910e-01	1.098052215063037e+00	7.320348100420243e-01	4.690383257623043e-01	4.690383257623111e-01	5.228355460333866e-01
5.673574021473357e+00	6.528519570532865e-01	1.061140782821315e+00	7.074271885475431e-01	4.690383257623043e-01	4.690383257623111e-01	5.162242769438262e-01
5.719892332472672e+00	5.602153350546555e-01	1.024086134021862e+00	6.827240893479082e-01	4.690383257623043e-01	4.690383257623111e-01	5.090334481587812e-01
5.766372044291280e+00	4.672559114174408e-01	9.869023645669764e-01	6.579349097113176e-01	4.690383257623043e-01	4.690383257623111e-01	5.012724474539453e-01
5.812994733298088e+00	3.740105334038244e-01	9.496042133615299e-01	6.330694755743532e-01	4.690383257623043e-01	4.690383257623111e-01	4.929515881251334e-01
5.859741122149194e+00	2.805177557016112e-01	9.122071022806446e-01	6.081380681870964e-01	4.690383257623043e-01	4.690383257623111e-01	4.840821219640657e-01
5.906591026825573e+00	1.868179463488531e-01	8.747271785395412e-01	5.831514523596941e-01	4.690383257623043e-01	4.690383257623111e-01	4.746762539030991e-01
5.953523300371332e+00	9.295339925733614e-02	8.371813597029345e-01	5.581209064686230e-01	4.690383257623043e-01	4.690383257623111e-01	4.647471584664102e-01
5.980575469291234e+00	3.884906141753142e-02	8.155396245670127e-01	5.436930830446751e-01	4.690383257623043e-01	4.690383257623111e-01	4.587981282250395e-01
5.994101553751185e+00	1.179689249762994e-02	8.047187569990519e-01	5.364791713327013e-01	4.690383257623043e-01	4.690383257623111e-01	4.557625859240781e-01
6.000889439340826e+00	0.000000000000000e+00	7.992884485273393e-01	5.328589656848929e-01	4.690383257623043e-01	4.690383257623111e-01	4.542240285661643e-01
6.007677324930467e+00	0.000000000000000e+00	7.938581400556267e-01	5.292387600370845e-01	4.690383257623043e-01	4.690383257623111e-01	4.526850313062842e-01
6.041616752878670e+00	0.000000000000000e+00	7.667065976970640e-01	5.111377317980427e-01	4.690383257623043e-01	4.690383257623111e-01	4.450679072327534e-01
6.100097300269942e+00	0.000000000000000e+00	7.199221597840464e-01	4.799481065226976e-01	4.690383257623043e-01	4.690383257623111e-01	4.322424104515997e-01
6.158823217895183e+00	0.000000000000000e+00	6.729414256838538e-01	4.486276171225692e-01	4.690383257623043e-01	4.690383257623111e-01	4.197350066680959e-01
6.217551609666200e+00	0.000000000000000e+00	6.259587122670396e-01	4.173058081780264e-01	4.690383257623043e-01	4.690383257623111e-01	4.075890139827055e-01
6.246905105364132e+00	0.000000000000000e+00	6.024759157086947e-01	4.016506104724631e-01	4.690383257623043e-01	4.690383257623111e-01	4.016506104724614e-01
6.246905105364227e+00	0.000000000000000e+00	6.024759157086180e-01	4.016506104724120e-01	4.016506104724421e-01	4.016506104724421e-01	4.016506104724614e-01
6.246905105364316e+00	0.000000000000000e+00	6.024759157085469e-01	4.016506104723646e-01	4.016506104723708e-01	4.016506104724349e-01	4.016506104724614e-01
6.246905105364405e+00	0.000000000000000e+00	6.024759157084759e-01	4.016506104723173e-01	4.016506104723351e-01	4.016506104724207e-01	4.016506104724614e-01
6.261587209544578e+00	0.000000000000000e+00	5.907302323643379e-01	3.938201549095586e-01	3.957823472585922e-01	3.993067254025247e-01	4.016506104724614e-01
6.276269313724750e+00	0.000000000000000e+00	5.789845490201997e-01	3.859896993467998e-01	3.899705996168875e-01	3.969926726569216e-01	4.016506104724614e-01
6.303005983573827e+00	0.000000000000000e+00	5.575952131409387e-01	3.717301420939592e-01	3.795270160916038e-01	3.928550361107021e-01	4.016506104724614e-01
6.330099030848835e+00	0.000000000000000e+00	5.359207753209319e-01	3.572805168806212e-01	3.691201983464996e-01	3.887623297071198e-01	4.016506104724614e-01
6.357437758194977e+00	0.000000000000000e+00	5.140497934440184e-01	3.426998622960122e-01	3.587891065852354e-01	3.847340779286038e-01	4.016506104724614e-01
6.385022749614949e+00	0.000000000000000e+00	4.919818003080408e-01	3.279878668720272e-01	3.485289179357325e-01	3.807723847161651e-01	4.016506104724614e-01
6.412855377013559e+00	0.000000000000000e+00	4.697156983891524e-01	3.131437989261016e-01	3.383345863260953e-01	3.768792515180883e-01	4.016506104724614e-01
6.440936643952822e+00	0.000000000000000e+00	4.472506848377421e-01	2.981671232251614e-01	3.282012820591942e-01	3.730567469779006e-01	4.016506104724614e-01
6.469267122304843e+00	0.000000000000000e+00	4.245863021561255e-01	2.830575347707504e-01	3.181244071289087e-01	3.693070080021935e-01	4.016506104724614e-01
6.497846894099506e+00	0.000000000000000e+00	4.017224847203948e-01	2.678149898135965e-01	3.080996079986227e-01	3.656322386607276e-01	4.016506104724614e-01
6.526675486717848e+00	0.000000000000000e+00	3.786596106257213e-01	2.524397404171476e-01	2.981227902779297e-01	3.620347085029038e-01	4.016506104724614e-01
6.555751800508212e+00	0.000000000000000e+00	3.553985595934307e-01	2.369323730622871e-01	2.881901355554449e-01	3.585167502168895e-01	4.016506104724614e-01
6.585074027914166e+00	0.000000000000000e+00	3.319407776686674e-01	2.212938517791116e-01	2.782981206304530e-01	3.550807565291945e-01	4.016506104724614e-01
6.614639563085767e+00	0.000000000000000e+00	3.082883495313866e-01	2.055255663542577e-01	2.684435394179023e-01	3.517291762293812e-01	4.016506104724614e-01
6.644444900816059e+00	0.000000000000000e+00	2.844440793471527e-01	1.896293862314351e-01	2.586235278361438e-01	3.484645091895956e-01	4.016506104724614e-01
6.674485523485647e+00	0.000000000000000e+00	2.604115812114827e-01	1.736077208076551e-01	2.488355920303326e-01	3.452893002332837e-01	4.016506104724614e-01
6.704755774525476e+00	0.000000000000000e+00	2.361953803796190e-01	1.574635869197460e-01	2.390776403310101e-01	3.422061316894456e-01	4.016506104724614e-01
6.735248716702130e+00	0.000000000000000e+00	2.118010266382960e-01	1.412006844255307e-01	2.293480194034306e-01	3.392176144498752e-01	4.016506104724614e-01
6.765955973288223e+00	0.000000000000000e+00	1.872352213694214e-01	1.248234809129476e-01	2.196455551091186e-01	3.363263773265630e-01	4.016506104724614e-01
6.796867549903862e+00	0.000000000000000e+00	1.625059600769106e-01	1.083373067179404e-01	2.099695986763537e-01	3.335350544840668e-01	4.016506104724614e-01
6.827971634481204e+00	0.000000000000000e+00	1.376226924150366e-01	9.174846161002440e-02	2.003200788675515e-01	3.308462706986508e-01	4.016506104724614e-01
6.859254372412106e+00	0.000000000000000e+00	1.125965020703149e-01	7.506433471354323e-02	1.906975609385557e-01	3.282626241713988e-01	4.016506104724614e-01
6.890699613455925e+00	0.000000000000000e+00	8.744030923526012e-02	5.829353949017341e-02	1.811033133172875e-01	3.257866665981508e-01	4.016506104724614e-01
6.922288626407588e+00	0.000000000000000e+00	6.216909887392958e-02	4.144606591595305e-02	1.715393830871844e-01	3.234208801736952e-01	4.016506104724614e-01
6.953999776805775e+00	0.000000000000000e+00	3.680017855538011e-02	2.453345237025341e-02	1.620086815586814e-01	3.211676511835695e-01	4.016506104724614e-01
6.985808162045848e+00	0.000000000000000e+00	1.135347036332135e-02	7.568980242214233e-03	1.525150814638992e-01	3.190292398153083e-01	4.016506104724614e-01
6.993777420812816e+00	0.000000000000000e+00	4.978063349746976e-03	3.318708899831317e-03	1.501464816670067e-01	3.185124906399781e-01	4.016506104724614e-01
6.997762050196300e+00	0.000000000000000e+00	1.790359842959788e-03	1.193573228639859e-03	1.489636292501703e-01	3.182569637608760e-01	4.016506104724614e-01
7.000327094497393e+00	0.000000000000000e+00	0.000000000000000e+00	0.000000000000000e+00	1.482026916880499e-01	3.180934756781169e-01	4.016506104724614e-01
7.002892138798485e+00	0.000000000000000e+00	0.000000000000000e+00	0.000000000000000e+00	1.474443455988053e-01	3.179303327571754e-01	4.016506104724614e-01
7.015717360303947e+00	0.000000000000000e+00	0.000000000000000e+00	0.000000000000000e+00	1.437104232402224e-01	3.171158723784532e-01	4.016506104724614e-01
7.030380787022657e+00	0.000000000000000e+00	0.000000000000000e+00	0.000000000000000e+00	1.395570446908450e-01	3.161872336744154e-01	4.016506104724614e-01
7.045062702923614e+00	0.000000000000000e+00	0.000000000000000e+00	0.000000000000000e+00	1.355186916652109e-01	3.152601486033242e-01	4.016506104724614e-01
7.059744805268052e+00	0.000000000000000e+00	0.000000000000000e+00	0.000000000000000e+00	1.315971471244548e-01	3.143357700951590e-01	4.016506104724614e-01
7.074426909492623e+00	0.000000000000000e+00	0.000000000000000e+00	0.000000000000000e+00	1.277890809996741e-01	3.134141018517579e-01	4.016506104724614e-01
7.089109013736149e+00	0.000000000000000e+00	0.000000000000000e+00	0.000000000000000e+00	1.240912100220415e-01	3.124951360433303e-01	4.016506104724614e-01
7.103791117979866e+00	0.000000000000000e+00	0.000000000000000e+00	0.000000000000000e+00	1.205003454463202e-01	3.115788647472055e-01	4.016506104724614e-01
7.118473222223586e+00	0.000000000000000e+00	0.000000000000000e+00	0.000000000000000e+00	1.170133907961997e-01	3.106652800627787e-01	4.016506104724614e-01
7.133155326467307e+00	0.000000000000000e+00	0.000000000000000e+00	0.000000000000000e+00	1.136273391989867e-01	3.097543741125987e-01	4.016506104724614e-01
7.147837430711028e+00	0.000000000000000e+00	0.000000000000000e+00	0.000000000000000e+00	1.103392707927656e-01	3.088461390423120e-01	4.016506104724614e-01
7.162519534954748e+00	0.000000000000000e+00	0.000000000000000e+00	0.000000000000000e+00	1.071463502085408e-01	3.079405670205950e-01	4.016506104724614e-01
7.177201639198471e+00	0.000000000000000e+00	0.000000000000000e+00	0.000000000000000e+00	1.040458241252389e-01	3.070376502390859e-01	4.016506104724614e-01
7.191883743442191e+00	0.000000000000000e+00	0.000000000000000e+00	0.000000000000000e+00	1.010350188954667e-01	3.061373809123188e-01	4.016506104724614e-01
7.206565847685912e+00	0.000000000000000e+00	0.000000000000000e+00	0.000000000000000e+00	9.811133823996578e-02	3.052397512776548e-01	4.016506104724614e-01
7.221247951929632e+00	0.000000000000000e+00	0.000000000000000e+00	0.000000000000000e+00	9.527226100879049e-02	3.043447535952165e-01	4.016506104724614e-01
7.236023669121256e+00	0.000000000000000e+00	0.000000000000000e+00	0.000000000000000e+00	9.249801928545119e-02	3.034466987866103e-01	4.016506104724614e-01
7.250945681832933e+00	0.000000000000000e+00	0.000000000000000e+00	0.000000000000000e+00	8.977828867745175e-02	3.025424416910308e-01	4.016506104724614e-01
7.266016924822926e+00	0.000000000000000e+00	0.000000000000000e+00	0.000000000000000e+00	8.711252298921431e-02	3.016318765835126e-01	4.016506104724614e-01
7.281240406350150e+00	0.000000000000000e+00	0.000000000000000e+00	0.000000000000000e+00	8.450017884947185e-02	3.007148957945844e-01	4.016506104724614e-01
7.296619226429960e+00	0.000000000000000e+00	0.000000000000000e+00	0.000000000000000e+00	8.194071291585814e-02	2.997913887108978e-01	4.016506104724614e-01
7.312156580605151e+00	0.000000000000000e+00	0.000000000000000e+00	0.000000000000000e+00	7.943358187467481e-02	2.988612416636153e-01	4.016506104724614e-01
7.327855763907757e+00	0.000000000000000e+00	0.000000000000000e+00	0.000000000000000e+00	7.697824244147944e-02	2.979243378116617e-01	4.016506104724614e-01
7.343720175028158e+00	0.000000000000000e+00	0.000000000000000e+00	0.000000000000000e+00	7.457415136170317e-02	2.969805570192564e-01	4.016506104724614e-01
7.359753320704823e+00	0.000000000000000e+00	0.000000000000000e+00	0.000000000000000e+00	7.222076541127376e-02	2.960297757273756e-01	4.016506104724614e-01
7.375958820348616e+00	0.000000000000000e+00	0.000000000000000e+00	0.000000000000000e+00	6.991754139727577e-02	2.950718668187881e-01	4.016506104724614e-01
7.392340410917106e+00	0.000000000000000e+00	0.000000000000000e+00	0.000000000000000e+00	6.766393615861549e-02	2.941066994762555e-01	4.016506104724614e-01
7.408901952055056e+00	0.000000000000000e+00	0.000000000000000e+00	0.000000000000000e+00	6.545940656671910e-02	2.931341390334871e-01	4.016506104724614e-01
7.425647431518845e+00	0.000000000000000e+00	0.000000000000000e+00	0.000000000000000e+00	6.330340952625056e-02	2.921540468183864e-01	4.016506104724614e-01
7.442580970903828e+00	0.000000000000000e+00	0.000000000000000e+00	0.000000000000000e+00	6.119540197584850e-02	2.911662799881025e-01	4.016506104724614e-01
7.459706831695062e+00	0.000000000000000e+00	0.000000000000000e+00	0.000000000000000e+00	5.913484088889747e-02	2.901706913553659e-01	4.016506104724614e-01
7.477029421663683e+00	0.000000000000000e+00	0.000000000000000e+00	0.000000000000000e+00	5.712118327431679e-02	2.891671292055363e-01	4.016506104724614e-01
7.494553301632770e+00	0.000000000000000e+00	0.000000000000000e+00	0.000000000000000e+00	5.515388617738259e-02	2.881554371037608e-01	4.016506104724614e-01
7.512283192638669e+00	0.000000000000000e+00	0.000000000000000e+00	0.000000000000000e+00	5.323240668057429e-02	2.871354536915809e-01	4.016506104724614e-01
7.530223983515786e+00	0.000000000000000e+00	0.000000000000000e+00	0.000000000000000e+00	5.135620190445354e-02	2.861070124722838e-01	4.016506104724614e-01
7.548380738935249e+00	0.000000000000000e+00	0.000000000000000e+00	0.000000000000000e+00	4.952472900857439e-02	2.850699415842340e-01	4.016506104724614e-01
7.566758707930425e+00	0.000000000000000e+00	0.000000000000000e+00	0.000000000000000e+00	4.773744519242516e-02	2.840240635613562e-01	4.016506104724614e-01
7.585363332945048e+00	0.000000000000000e+00	0.000000000000000e+00	0.000000000000000e+00	4.599380769640626e-02	2.829691950798803e-01	4.016506104724614e-01
7.604200259442910e+00	0.000000000000000e+00	0.000000000000000e+00	0.000000000000000e+00	4.429327380284293e-02	2.819051466903770e-01	4.016506104724614e-01
7.623275346121407e+00	0.000000000000000e+00	0.000000000000000e+00	0.000000000000000e+00	4.263530083703568e-02	2.808317225340380e-01	4.016506104724614e-01
7.642594675774984e+00	0.000000000000000e+00	0.000000000000000e+00	0.000000000000000e+00	4.101934616835406e-02	2.797487200420658e-01	4.016506104724614e-01
7.662164566858833e+00	0.000000000000000e+00	0.000000000000000e+00	0.000000000000000e+00	3.944486721136803e-02	2.786559296169313e-01	4.016506104724614e-01
7.681991585807557e+00	0.000000000000000e+00	0.000000000000000e+00	0.000000000000000e+00	3.791132142702590e-02	2.775531342941636e-01	4.016506104724614e-01
7.702082560168785e+00	0.000000000000000e+00	0.000000000000000e+00	0.000000000000000e+00	3.641816632387865e-02	2.764401093832080e-01	4.016506104724614e-01
7.722444592617226e+00	0.000000000000000e+00	0.000000000000000e+00	0.000000000000000e+00	3.496485945935143e-02	2.753166220857597e-01	4.016506104724614e-01
7.743085075920891e+00	0.000000000000000e+00	0.000000000000000e+00	0.000000000000000e+00	3.355085844106986e-02	2.741824310898416e-01	4.016506104724614e-01
7.764011708938190e+00	0.000000000000000e+00	0.000000000000000e+00	0.000000000000000e+00	3.217562092823813e-02	2.730372861377275e-01	4.016506104724614e-01
7.785232513732218e+00	0.000000000000000e+00	0.000000000000000e+00	0.000000000000000e+00	3.083860463307556e-02	2.718809275656412e-01	4.016506104724614e-01
7.806755853897150e+00	0.000000000000000e+00	0.000000000000000e+00	0.000000000000000e+00	2.953926732231265e-02	2.707130858129640e-01	4.016506104724614e-01
7.828590454201124e+00	0.000000000000000e+00	0.000000000000000e+00	0.000000000000000e+00	2.827706681875377e-02	2.695334808984701e-01	4.016506104724614e-01
7.850745421660775e+00	0.000000000000000e+00	0.000000000000000e+00	0.000000000000000e+00	2.705146100290508e-02	2.683418218608596e-01	4.016506104724614e-01
7.873230268174336e+00	0.000000000000000e+00	0.000000000000000e+00	0.000000000000000e+00	2.586190781467609e-02	2.671378061606007e-01	4.016506104724614e-01
7.896054934853673e+00	0.000000000000000e+00	0.000000000000000e+00	0.000000000000000e+00	2.470786525515551e-02	2.659211190397851e-01	4.016506104724614e-01
7.919229818210471e+00	0.000000000000000e+00	0.000000000000000e+00	0.000000000000000e+00	2.358879138847013e-02	2.646914328363719e-01	4.016506104724614e-01
7.942765798368727e+00	0.000000000000000e+00	0.000000000000000e+00	0.000000000000000e+00	2.250414434372712e-02	2.634484062488162e-01	4.016506104724614e-01
7.966674269494492e+00	0.000000000000000e+00	0.000000000000000e+00	0.000000000000000e+00	2.145338231704822e-02	2.621916835466649e-01	4.016506104724614e-01
7.990967172655211e+00	0.000000000000000e+00	0.000000000000000e+00	0.000000000000000e+00	2.043596357370083e-02	2.609208937222275e-01	4.016506104724614e-01
8.015657031345103e+00	0.000000000000000e+00	0.000000000000000e+00	0.000000000000000e+00	1.945134645033166e-02	2.596356495779046e-01	4.016506104724614e-01
8.040756989940272e+00	0.000000000000000e+00	0.000000000000000e+00	0.000000000000000e+00	1.849898935731002e-02	2.583355467431583e-01	4.016506104724614e-01
8.066280855378201e+00	0.000000000000000e+00	0.000000000000000e+00	0.000000000000000e+00	1.757835078118802e-02	2.570201626144397e-01	4.016506104724614e-01
8.092243142391368e+00	0.000000000000000e+00	0.000000000000000e+00	0.000000000000000e+00	1.668888928728670e-02	2.556890552106280e-01	4.016506104724614e-01
8.118659122664910e+00	0.000000000000000e+00	0.000000000000000e+00	0.000000000000000e+00	1.583006352241260e-02	2.543417619356718e-01	4.016506104724614e-01
8.145544878333638e+00	0.000000000000000e+00	0.000000000000000e+00	0.000000000000000e+00	1.500133221772051e-02	2.529777982391562e-01	4.016506104724614e-01
8.172917360286279e+00	0.000000000000000e+00	0.000000000000000e+00	0.000000000000000e+00	1.420215419172602e-02	2.515966561643938e-01	4.016506104724614e-01
8.200794451804391e+00	0.000000000000000e+00	0.000000000000000e+00	0.000000000000000e+00	1.343198835348390e-02	2.501978027723857e-01	4.016506104724614e-01
8.229195038132406e+00	0.000000000000000e+00	0.000000000000000e+00	0.000000000000000e+00	1.269029370594150e-02	2.487806784285399e-01	4.016506104724614e-01
8.258139082654369e+00	0.000000000000000e+00	0.000000000000000e+00	0.000000000000000e+00	1.197652934948112e-02	2.473446949373802e-01	4.016506104724614e-01
8.287647710444507e+00	0.000000000000000e+00	0.000000000000000e+00	0.000000000000000e+00	1.129015448566589e-02	2.458892335085759e-01	4.016506104724614e-01
8.317743300064647e+00	0.000000000000000e+00	0.000000000000000e+00	0.000000000000000e+00	1.063062842120532e-02	2.444136425354295e-01	4.016506104724614e-01
8.348449584604587e+00	0.000000000000000e+00	0.000000000000000e+00	0.000000000000000e+00	9.997410572156997e-03	2.429172351644272e-01	4.016506104724614e-01
8.379791763104663e+00	0.000000000000000e+00	0.000000000000000e+00	0.000000000000000e+00	9.389960468384343e-03	2.413992866315330e-01	4.016506104724614e-01
8.411796623667048e+00	0.000000000000000e+00	0.000000000000000e+00	0.000000000000000e+00	8.807737758291249e-03	2.398590313375049e-01	4.016506104724614e-01
8.444492679758216e+00	0.000000000000000e+00	0.000000000000000e+00	0.000000000000000e+00	8.250202213856984e-03	2.382956596305575e-01	4.016506104724614e-01
8.477910321435214e+00	0.000000000000000e+00	0.000000000000000e+00	0.000000000000000e+00	7.716813735997417e-03	2.367083142600725e-01	4.016506104724614e-01
8.512081983499900e+00	0.000000000000000e+00	0.000000000000000e+00	0.000000000000000e+00	7.207032360280210e-03	2.350960864596450e-01	4.016506104724614e-01
8.547042332906367e+00	0.000000000000000e+00	0.000000000000000e+00	0.000000000000000e+00	6.720318263027495e-03	2.334580116113970e-01	4.016506104724614e-01
8.582828478128311e+00	0.000000000000000e+00	0.000000000000000e+00	0.000000000000000e+00	6.256131767840000e-03	2.317930644359726e-01	4.016506104724614e-01
8.619480203647644e+00	0.000000000000000e+00	0.000000000000000e+00	0.000000000000000e+00	5.813933352583244e-03	2.301001536437551e-01	4.016506104724614e-01
8.657040233269784e+00	0.000000000000000e+00	0.000000000000000e+00	0.000000000000000e+00	5.393183656879636e-03	2.283781159722755e-01	4.016506104724614e-01
8.695554526624939e+00	0.000000000000000e+00	0.000000000000000e+00	0.000000000000000e+00	4.993343490156621e-03	2.266257095221862e-01	4.016506104724614e-01
8.735072614003856e+00	0.000000000000000e+00	0.000000000000000e+00	0.000000000000000e+00	4.613873840307006e-03	2.248416062890700e-01	4.016506104724614e-01
8.775647975633564e+00	0.000000000000000e+00	0.000000000000000e+00	0.000000000000000e+00	4.254235883024417e-03	2.230243837701758e-01	4.016506104724614e-01
8.817338472664417e+00	0.000000000000000e+00	0.000000000000000e+00	0.000000000000000e+00	3.913890991885956e-03	2.211725155031993e-01	4.016506104724614e-01
8.860206838567587e+00	0.000000000000000e+00	0.000000000000000e+00	0.000000000000000e+00	3.592300749263294e-03	2.192843603675113e-01	4.016506104724614e-01
8.904321241399705e+00	0.000000000000000e+00	0.000000000000000e+00	0.000000000000000e+00	3.288926958154876e-03	2.173581504456182e-01	4.016506104724614e-01
8.949755929567401e+00	0.000000000000000e+00	0.000000000000000e+00	0.000000000000000e+00	3.003231655045321e-03	2.153919772025683e-01	4.016506104724614e-01
8.996591976434370e+00	0.000000000000000e+00	0.000000000000000e+00	0.000000000000000e+00	2.734677123913544e-03	2.133837756915305e-01	4.016506104724614e-01
9.044918142509946e+00	0.000000000000000e+00	0.000000000000000e+00	0.000000000000000e+00	2.482725911529499e-03	2.113313064322545e-01	4.016506104724614e-01
9.094831878242799e+00	0.000000000000000e+00	0.000000000000000e+00	0.000000000000000e+00	2.246840844201499e-03	2.092321345321851e-01	4.016506104724614e-01
9.146440495887667e+00	0.000000000000000e+00	0.000000000000000e+00	0.000000000000000e+00	2.026485046161832e-03	2.070836055230814e-01	4.016506104724614e-01
9.199862545882644e+00	0.000000000000000e+00	0.000000000000000e+00	0.000000000000000e+00	1.821121959809758e-03	2.048828172630157e-01	4.016506104724614e-01
9.255229442169252e+00	0.000000000000000e+00	0.000000000000000e+00	0.000000000000000e+00	1.630215368068254e-03	2.026265870963488e-01	4.016506104724614e-01
9.312687392595780e+00	0.000000000000000e+00	0.000000000000000e+00	0.000000000000000e+00	1.453229419156637e-03	2.003114132614398e-01	4.016506104724614e-01
9.372399705926274e+00	0.000000000000000e+00	0.000000000000000e+00	0.000000000000000e+00	1.289628654136152e-03	1.979334292718485e-01	4.016506104724614e-01
9.434549567386936e+00	0.000000000000000e+00	0.000000000000000e+00	0.000000000000000e+00	1.138878037653763e-03	1.954883496498578e-01	4.016506104724614e-01
9.499343402053238e+00	0.000000000000000e+00	0.000000000000000e+00	0.000000000000000e+00	1.000442992392867e-03	1.929714049303539e-01	4.016506104724614e-01
9.567014982516893e+00	0.000000000000000e+00	0.000000000000000e+00	0.000000000000000e+00	8.737894378435878e-04	1.903772632340920e-01	4.016506104724614e-01
9.637830488292517e+00	0.000000000000000e+00	0.000000000000000e+00	0.000000000000000e+00	7.583838341355475e-04	1.876999348673664e-01	4.016506104724614e-01
9.712094795488383e+00	0.000000000000000e+00	0.000000000000000e+00	0.000000000000000e+00	6.536932318398841e-04	1.849326552440892e-01	4.016506104724614e-01
9.790159375745070e+00	0.000000000000000e+00	0.000000000000000e+00	0.000000000000000e+00	5.591853288559185e-04	1.820677398012488e-01	4.016506104724614e-01
9.872432327882267e+00	0.000000000000000e+00	0.000000000000000e+00	0.000000000000000e+00	4.743285357650997e-04	1.790964022663578e-01	4.016506104724614e-01
9.959391277148336e+00	0.000000000000000e+00	0.000000000000000e+00	0.000000000000000e+00	3.985920513803916e-04	1.760085242841187e-01	4.016506104724614e-01
1.000000000000000e+01	0.000000000000000e+00	0.000000000000000e+00	0.000000000000000e+00	3.674984443949189e-04	1.745848172939120e-01	4.016506104724614e-01
